0 info it worked if it ends with ok
1 verbose cli [ '/usr/bin/node', '/usr/bin/npm', 'run', 'dev-watch-eos' ]
2 info using npm@3.5.2
3 info using node@v8.10.0
4 verbose run-script [ 'predev-watch-eos', 'dev-watch-eos', 'postdev-watch-eos' ]
5 info lifecycle edge-eos-name-payment-api@0.0.1~predev-watch-eos: edge-eos-name-payment-api@0.0.1
6 silly lifecycle edge-eos-name-payment-api@0.0.1~predev-watch-eos: no script for predev-watch-eos, continuing
7 info lifecycle edge-eos-name-payment-api@0.0.1~dev-watch-eos: edge-eos-name-payment-api@0.0.1
8 verbose lifecycle edge-eos-name-payment-api@0.0.1~dev-watch-eos: unsafe-perm in lifecycle true
9 verbose lifecycle edge-eos-name-payment-api@0.0.1~dev-watch-eos: PATH: /usr/share/npm/bin/node-gyp-bin:/opt/eos-name-api/edge-eos-name-payment-api/node_modules/.bin:/home/chuck/.npm-global/bin:/usr/local/sbin:/usr/local/bin:/usr/sbin:/usr/bin:/sbin:/bin:/usr/games:/usr/local/games:/snap/bin
10 verbose lifecycle edge-eos-name-payment-api@0.0.1~dev-watch-eos: CWD: /opt/eos-name-api/edge-eos-name-payment-api
11 silly lifecycle edge-eos-name-payment-api@0.0.1~dev-watch-eos: Args: [ '-c', 'sudo npx nodemon src/eos-name-server.js' ]
12 silly lifecycle edge-eos-name-payment-api@0.0.1~dev-watch-eos: Returned: code: 1  signal: null
13 info lifecycle edge-eos-name-payment-api@0.0.1~dev-watch-eos: Failed to exec dev-watch-eos script
14 verbose stack Error: edge-eos-name-payment-api@0.0.1 dev-watch-eos: `sudo npx nodemon src/eos-name-server.js`
14 verbose stack Exit status 1
14 verbose stack     at EventEmitter.<anonymous> (/usr/share/npm/lib/utils/lifecycle.js:232:16)
14 verbose stack     at emitTwo (events.js:126:13)
14 verbose stack     at EventEmitter.emit (events.js:214:7)
14 verbose stack     at ChildProcess.<anonymous> (/usr/share/npm/lib/utils/spawn.js:24:14)
14 verbose stack     at emitTwo (events.js:126:13)
14 verbose stack     at ChildProcess.emit (events.js:214:7)
14 verbose stack     at maybeClose (internal/child_process.js:925:16)
14 verbose stack     at Process.ChildProcess._handle.onexit (internal/child_process.js:209:5)
15 verbose pkgid edge-eos-name-payment-api@0.0.1
16 verbose cwd /opt/eos-name-api/edge-eos-name-payment-api
17 error Linux 4.15.0-42-generic
18 error argv "/usr/bin/node" "/usr/bin/npm" "run" "dev-watch-eos"
19 error node v8.10.0
20 error npm  v3.5.2
21 error code ELIFECYCLE
22 error edge-eos-name-payment-api@0.0.1 dev-watch-eos: `sudo npx nodemon src/eos-name-server.js`
22 error Exit status 1
23 error Failed at the edge-eos-name-payment-api@0.0.1 dev-watch-eos script 'sudo npx nodemon src/eos-name-server.js'.
23 error Make sure you have the latest version of node.js and npm installed.
23 error If you do, this is most likely a problem with the edge-eos-name-payment-api package,
23 error not with npm itself.
23 error Tell the author that this fails on your system:
23 error     sudo npx nodemon src/eos-name-server.js
23 error You can get information on how to open an issue for this project with:
23 error     npm bugs edge-eos-name-payment-api
23 error Or if that isn't available, you can get their info via:
23 error     npm owner ls edge-eos-name-payment-api
23 error There is likely additional logging output above.
24 verbose exit [ 1, true ]
